#-----------------------------------------------------------
# Vivado v2019.2 (64-bit)
# SW Build 2708876 on Wed Nov  6 21:40:23 MST 2019
# IP Build 2700528 on Thu Nov  7 00:09:20 MST 2019
# Start of session at: Thu Oct 13 00:09:33 2022
# Process ID: 19372
# Current directory: C:/Users/ikari/OneDrive/Escritorio/Proyecto2 Diseno Logico II Semestre/gray_code_decoder
# Command line: vivado.exe -gui_launcher_event rodinguilauncherevent10080 C:\Users\ikari\OneDrive\Escritorio\Proyecto2 Diseno Logico II Semestre\gray_code_decoder\gray_code_decoder.xpr
# Log file: C:/Users/ikari/OneDrive/Escritorio/Proyecto2 Diseno Logico II Semestre/gray_code_decoder/vivado.log
# Journal file: C:/Users/ikari/OneDrive/Escritorio/Proyecto2 Diseno Logico II Semestre/gray_code_decoder\vivado.jou
#-----------------------------------------------------------
start_gui
open_project {C:/Users/ikari/OneDrive/Escritorio/Proyecto2 Diseno Logico II Semestre/gray_code_decoder/gray_code_decoder.xpr}
INFO: [ProjectBase 1-489] The host OS only allows 260 characters in a normal path. The project is stored in a path with more than 80 characters. If you experience issues with IP, Block Designs, or files not being found, please consider moving the project to a location with a shorter path. Alternately consider using the OS subst command to map part of the path to a drive letter.
Current project path is 'C:/Users/ikari/OneDrive/Escritorio/Proyecto2 Diseno Logico II Semestre/gray_code_decoder'
Scanning sources...
Finished scanning sources
INFO: [IP_Flow 19-234] Refreshing IP repositories
INFO: [IP_Flow 19-1704] No user IP repositories specified
INFO: [IP_Flow 19-2313] Loaded Vivado IP repository 'C:/Xilinx/Vivado/2019.2/data/ip'.
update_compile_order -fileset sources_1
reset_run synth_1
launch_runs synth_1 -jobs 4
[Thu Oct 13 00:10:07 2022] Launched synth_1...
Run output will be captured here: C:/Users/ikari/OneDrive/Escritorio/Proyecto2 Diseno Logico II Semestre/gray_code_decoder/gray_code_decoder.runs/synth_1/runme.log
reset_run synth_1
launch_runs synth_1 -jobs 4
[Thu Oct 13 00:11:14 2022] Launched synth_1...
Run output will be captured here: C:/Users/ikari/OneDrive/Escritorio/Proyecto2 Diseno Logico II Semestre/gray_code_decoder/synth_1/runme.log
exit
INFO: [Common 17-206] Exiting Vivado at Thu Oct 13 00:12:30 2022...
